<?xml version="1.0" encoding="UTF-8"?>
<testsuite name="Testprojekt.AppTest" tests="1" skipped="0" failures="0" errors="0" timestamp="2020-10-10T13:35:14" hostname="Albians-MBP.fritz.box" time="0.012">
  <properties/>
  <testcase name="appHasAGreeting()" classname="Testprojekt.AppTest" time="0.012"/>
  <system-out><![CDATA[]]></system-out>
  <system-err><![CDATA[]]></system-err>
</testsuite>
